2021-04-09 09:50:27,745 [1] ERROR Food_Storage_Inventory.Model.LocationRepository - Failed to read JSON file.  Creating empty collection.
System.ArgumentNullException: Value cannot be null.
Parameter name: name
   at Food_Storage_Inventory.Model.FoodItem..ctor(String name, Int32 quantity, String container, DateTime dateTime, Boolean visible) in D:\Repositories\FoodStorageInventory\Model\FoodItem.cs:line 57
   at Void .ctor(System.String, Int32, System.String, System.DateTime, Boolean)(Object[] )
   at Newtonsoft.Json.Serialization.JsonSerializerInternalReader.CreateObjectUsingCreatorWithParameters(JsonReader reader, JsonObjectContract contract, JsonProperty containerProperty, ObjectConstructor`1 creator, String id)
   at Newtonsoft.Json.Serialization.JsonSerializerInternalReader.CreateNewObject(JsonReader reader, JsonObjectContract objectContract, JsonProperty containerMember, JsonProperty containerProperty, String id, Boolean& createdFromNonDefaultCreator)
   at Newtonsoft.Json.Serialization.JsonSerializerInternalReader.CreateObject(JsonReader reader, Type objectType, JsonContract contract, JsonProperty member, JsonContainerContract containerContract, JsonProperty containerMember, Object existingValue)
   at Newtonsoft.Json.Serialization.JsonSerializerInternalReader.CreateValueInternal(JsonReader reader, Type objectType, JsonContract contract, JsonProperty member, JsonContainerContract containerContract, JsonProperty containerMember, Object existingValue)
   at Newtonsoft.Json.Serialization.JsonSerializerInternalReader.PopulateList(IList list, JsonReader reader, JsonArrayContract contract, JsonProperty containerProperty, String id)
   at Newtonsoft.Json.Serialization.JsonSerializerInternalReader.CreateList(JsonReader reader, Type objectType, JsonContract contract, JsonProperty member, Object existingValue, String id)
   at Newtonsoft.Json.Serialization.JsonSerializerInternalReader.CreateValueInternal(JsonReader reader, Type objectType, JsonContract contract, JsonProperty member, JsonContainerContract containerContract, JsonProperty containerMember, Object existingValue)
   at Newtonsoft.Json.Serialization.JsonSerializerInternalReader.ResolvePropertyAndCreatorValues(JsonObjectContract contract, JsonProperty containerProperty, JsonReader reader, Type objectType)
   at Newtonsoft.Json.Serialization.JsonSerializerInternalReader.CreateObjectUsingCreatorWithParameters(JsonReader reader, JsonObjectContract contract, JsonProperty containerProperty, ObjectConstructor`1 creator, String id)
   at Newtonsoft.Json.Serialization.JsonSerializerInternalReader.CreateNewObject(JsonReader reader, JsonObjectContract objectContract, JsonProperty containerMember, JsonProperty containerProperty, String id, Boolean& createdFromNonDefaultCreator)
   at Newtonsoft.Json.Serialization.JsonSerializerInternalReader.CreateObject(JsonReader reader, Type objectType, JsonContract contract, JsonProperty member, JsonContainerContract containerContract, JsonProperty containerMember, Object existingValue)
   at Newtonsoft.Json.Serialization.JsonSerializerInternalReader.CreateValueInternal(JsonReader reader, Type objectType, JsonContract contract, JsonProperty member, JsonContainerContract containerContract, JsonProperty containerMember, Object existingValue)
   at Newtonsoft.Json.Serialization.JsonSerializerInternalReader.PopulateList(IList list, JsonReader reader, JsonArrayContract contract, JsonProperty containerProperty, String id)
   at Newtonsoft.Json.Serialization.JsonSerializerInternalReader.CreateList(JsonReader reader, Type objectType, JsonContract contract, JsonProperty member, Object existingValue, String id)
   at Newtonsoft.Json.Serialization.JsonSerializerInternalReader.CreateValueInternal(JsonReader reader, Type objectType, JsonContract contract, JsonProperty member, JsonContainerContract containerContract, JsonProperty containerMember, Object existingValue)
   at Newtonsoft.Json.Serialization.JsonSerializerInternalReader.Deserialize(JsonReader reader, Type objectType, Boolean checkAdditionalContent)
   at Newtonsoft.Json.JsonSerializer.DeserializeInternal(JsonReader reader, Type objectType)
   at Newtonsoft.Json.JsonConvert.DeserializeObject(String value, Type type, JsonSerializerSettings settings)
   at Newtonsoft.Json.JsonConvert.DeserializeObject[T](String value, JsonSerializerSettings settings)
   at Newtonsoft.Json.JsonConvert.DeserializeObject[T](String value)
   at Food_Storage_Inventory.Model.LocationRepository.ReadFromFile() in D:\Repositories\FoodStorageInventory\Model\LocationRepository.cs:line 146
2021-04-09 10:04:10,230 [1] ERROR Food_Storage_Inventory.Model.LocationRepository - Failed to read JSON file.  Creating empty collection.
System.ArgumentNullException: Value cannot be null.
Parameter name: name
   at Food_Storage_Inventory.Model.FoodItem..ctor(String name, Int32 quantity, String container, DateTime dateTime, Boolean visible) in D:\Repositories\FoodStorageInventory\Model\FoodItem.cs:line 57
   at Void .ctor(System.String, Int32, System.String, System.DateTime, Boolean)(Object[] )
   at Newtonsoft.Json.Serialization.JsonSerializerInternalReader.CreateObjectUsingCreatorWithParameters(JsonReader reader, JsonObjectContract contract, JsonProperty containerProperty, ObjectConstructor`1 creator, String id)
   at Newtonsoft.Json.Serialization.JsonSerializerInternalReader.CreateNewObject(JsonReader reader, JsonObjectContract objectContract, JsonProperty containerMember, JsonProperty containerProperty, String id, Boolean& createdFromNonDefaultCreator)
   at Newtonsoft.Json.Serialization.JsonSerializerInternalReader.CreateObject(JsonReader reader, Type objectType, JsonContract contract, JsonProperty member, JsonContainerContract containerContract, JsonProperty containerMember, Object existingValue)
   at Newtonsoft.Json.Serialization.JsonSerializerInternalReader.CreateValueInternal(JsonReader reader, Type objectType, JsonContract contract, JsonProperty member, JsonContainerContract containerContract, JsonProperty containerMember, Object existingValue)
   at Newtonsoft.Json.Serialization.JsonSerializerInternalReader.PopulateList(IList list, JsonReader reader, JsonArrayContract contract, JsonProperty containerProperty, String id)
   at Newtonsoft.Json.Serialization.JsonSerializerInternalReader.CreateList(JsonReader reader, Type objectType, JsonContract contract, JsonProperty member, Object existingValue, String id)
   at Newtonsoft.Json.Serialization.JsonSerializerInternalReader.CreateValueInternal(JsonReader reader, Type objectType, JsonContract contract, JsonProperty member, JsonContainerContract containerContract, JsonProperty containerMember, Object existingValue)
   at Newtonsoft.Json.Serialization.JsonSerializerInternalReader.ResolvePropertyAndCreatorValues(JsonObjectContract contract, JsonProperty containerProperty, JsonReader reader, Type objectType)
   at Newtonsoft.Json.Serialization.JsonSerializerInternalReader.CreateObjectUsingCreatorWithParameters(JsonReader reader, JsonObjectContract contract, JsonProperty containerProperty, ObjectConstructor`1 creator, String id)
   at Newtonsoft.Json.Serialization.JsonSerializerInternalReader.CreateNewObject(JsonReader reader, JsonObjectContract objectContract, JsonProperty containerMember, JsonProperty containerProperty, String id, Boolean& createdFromNonDefaultCreator)
   at Newtonsoft.Json.Serialization.JsonSerializerInternalReader.CreateObject(JsonReader reader, Type objectType, JsonContract contract, JsonProperty member, JsonContainerContract containerContract, JsonProperty containerMember, Object existingValue)
   at Newtonsoft.Json.Serialization.JsonSerializerInternalReader.CreateValueInternal(JsonReader reader, Type objectType, JsonContract contract, JsonProperty member, JsonContainerContract containerContract, JsonProperty containerMember, Object existingValue)
   at Newtonsoft.Json.Serialization.JsonSerializerInternalReader.PopulateList(IList list, JsonReader reader, JsonArrayContract contract, JsonProperty containerProperty, String id)
   at Newtonsoft.Json.Serialization.JsonSerializerInternalReader.CreateList(JsonReader reader, Type objectType, JsonContract contract, JsonProperty member, Object existingValue, String id)
   at Newtonsoft.Json.Serialization.JsonSerializerInternalReader.CreateValueInternal(JsonReader reader, Type objectType, JsonContract contract, JsonProperty member, JsonContainerContract containerContract, JsonProperty containerMember, Object existingValue)
   at Newtonsoft.Json.Serialization.JsonSerializerInternalReader.Deserialize(JsonReader reader, Type objectType, Boolean checkAdditionalContent)
   at Newtonsoft.Json.JsonSerializer.DeserializeInternal(JsonReader reader, Type objectType)
   at Newtonsoft.Json.JsonConvert.DeserializeObject(String value, Type type, JsonSerializerSettings settings)
   at Newtonsoft.Json.JsonConvert.DeserializeObject[T](String value, JsonSerializerSettings settings)
   at Newtonsoft.Json.JsonConvert.DeserializeObject[T](String value)
   at Food_Storage_Inventory.Model.LocationRepository.ReadFromFile() in D:\Repositories\FoodStorageInventory\Model\LocationRepository.cs:line 146
2021-04-09 10:10:08,914 [1] ERROR Food_Storage_Inventory.Model.LocationRepository - Failed to read JSON file.  Creating empty collection.
System.ArgumentNullException: Value cannot be null.
Parameter name: name
   at Food_Storage_Inventory.Model.FoodItem..ctor(String name, Int32 quantity, String container, DateTime dateTime, Boolean visible) in D:\Repositories\FoodStorageInventory\Model\FoodItem.cs:line 57
   at Void .ctor(System.String, Int32, System.String, System.DateTime, Boolean)(Object[] )
   at Newtonsoft.Json.Serialization.JsonSerializerInternalReader.CreateObjectUsingCreatorWithParameters(JsonReader reader, JsonObjectContract contract, JsonProperty containerProperty, ObjectConstructor`1 creator, String id)
   at Newtonsoft.Json.Serialization.JsonSerializerInternalReader.CreateNewObject(JsonReader reader, JsonObjectContract objectContract, JsonProperty containerMember, JsonProperty containerProperty, String id, Boolean& createdFromNonDefaultCreator)
   at Newtonsoft.Json.Serialization.JsonSerializerInternalReader.CreateObject(JsonReader reader, Type objectType, JsonContract contract, JsonProperty member, JsonContainerContract containerContract, JsonProperty containerMember, Object existingValue)
   at Newtonsoft.Json.Serialization.JsonSerializerInternalReader.CreateValueInternal(JsonReader reader, Type objectType, JsonContract contract, JsonProperty member, JsonContainerContract containerContract, JsonProperty containerMember, Object existingValue)
   at Newtonsoft.Json.Serialization.JsonSerializerInternalReader.PopulateList(IList list, JsonReader reader, JsonArrayContract contract, JsonProperty containerProperty, String id)
   at Newtonsoft.Json.Serialization.JsonSerializerInternalReader.CreateList(JsonReader reader, Type objectType, JsonContract contract, JsonProperty member, Object existingValue, String id)
   at Newtonsoft.Json.Serialization.JsonSerializerInternalReader.CreateValueInternal(JsonReader reader, Type objectType, JsonContract contract, JsonProperty member, JsonContainerContract containerContract, JsonProperty containerMember, Object existingValue)
   at Newtonsoft.Json.Serialization.JsonSerializerInternalReader.ResolvePropertyAndCreatorValues(JsonObjectContract contract, JsonProperty containerProperty, JsonReader reader, Type objectType)
   at Newtonsoft.Json.Serialization.JsonSerializerInternalReader.CreateObjectUsingCreatorWithParameters(JsonReader reader, JsonObjectContract contract, JsonProperty containerProperty, ObjectConstructor`1 creator, String id)
   at Newtonsoft.Json.Serialization.JsonSerializerInternalReader.CreateNewObject(JsonReader reader, JsonObjectContract objectContract, JsonProperty containerMember, JsonProperty containerProperty, String id, Boolean& createdFromNonDefaultCreator)
   at Newtonsoft.Json.Serialization.JsonSerializerInternalReader.CreateObject(JsonReader reader, Type objectType, JsonContract contract, JsonProperty member, JsonContainerContract containerContract, JsonProperty containerMember, Object existingValue)
   at Newtonsoft.Json.Serialization.JsonSerializerInternalReader.CreateValueInternal(JsonReader reader, Type objectType, JsonContract contract, JsonProperty member, JsonContainerContract containerContract, JsonProperty containerMember, Object existingValue)
   at Newtonsoft.Json.Serialization.JsonSerializerInternalReader.PopulateList(IList list, JsonReader reader, JsonArrayContract contract, JsonProperty containerProperty, String id)
   at Newtonsoft.Json.Serialization.JsonSerializerInternalReader.CreateList(JsonReader reader, Type objectType, JsonContract contract, JsonProperty member, Object existingValue, String id)
   at Newtonsoft.Json.Serialization.JsonSerializerInternalReader.CreateValueInternal(JsonReader reader, Type objectType, JsonContract contract, JsonProperty member, JsonContainerContract containerContract, JsonProperty containerMember, Object existingValue)
   at Newtonsoft.Json.Serialization.JsonSerializerInternalReader.Deserialize(JsonReader reader, Type objectType, Boolean checkAdditionalContent)
   at Newtonsoft.Json.JsonSerializer.DeserializeInternal(JsonReader reader, Type objectType)
   at Newtonsoft.Json.JsonConvert.DeserializeObject(String value, Type type, JsonSerializerSettings settings)
   at Newtonsoft.Json.JsonConvert.DeserializeObject[T](String value, JsonSerializerSettings settings)
   at Newtonsoft.Json.JsonConvert.DeserializeObject[T](String value)
   at Food_Storage_Inventory.Model.LocationRepository.ReadFromFile() in D:\Repositories\FoodStorageInventory\Model\LocationRepository.cs:line 146
2021-04-09 10:13:07,879 [1] ERROR Food_Storage_Inventory.Model.LocationRepository - Failed to read JSON file.  Creating empty collection.
System.ArgumentNullException: Value cannot be null.
Parameter name: name
   at Food_Storage_Inventory.Model.FoodItem..ctor(String name, Int32 quantity, String container, DateTime dateTime, Boolean visible) in D:\Repositories\FoodStorageInventory\Model\FoodItem.cs:line 57
   at Void .ctor(System.String, Int32, System.String, System.DateTime, Boolean)(Object[] )
   at Newtonsoft.Json.Serialization.JsonSerializerInternalReader.CreateObjectUsingCreatorWithParameters(JsonReader reader, JsonObjectContract contract, JsonProperty containerProperty, ObjectConstructor`1 creator, String id)
   at Newtonsoft.Json.Serialization.JsonSerializerInternalReader.CreateNewObject(JsonReader reader, JsonObjectContract objectContract, JsonProperty containerMember, JsonProperty containerProperty, String id, Boolean& createdFromNonDefaultCreator)
   at Newtonsoft.Json.Serialization.JsonSerializerInternalReader.CreateObject(JsonReader reader, Type objectType, JsonContract contract, JsonProperty member, JsonContainerContract containerContract, JsonProperty containerMember, Object existingValue)
   at Newtonsoft.Json.Serialization.JsonSerializerInternalReader.CreateValueInternal(JsonReader reader, Type objectType, JsonContract contract, JsonProperty member, JsonContainerContract containerContract, JsonProperty containerMember, Object existingValue)
   at Newtonsoft.Json.Serialization.JsonSerializerInternalReader.PopulateList(IList list, JsonReader reader, JsonArrayContract contract, JsonProperty containerProperty, String id)
   at Newtonsoft.Json.Serialization.JsonSerializerInternalReader.CreateList(JsonReader reader, Type objectType, JsonContract contract, JsonProperty member, Object existingValue, String id)
   at Newtonsoft.Json.Serialization.JsonSerializerInternalReader.CreateValueInternal(JsonReader reader, Type objectType, JsonContract contract, JsonProperty member, JsonContainerContract containerContract, JsonProperty containerMember, Object existingValue)
   at Newtonsoft.Json.Serialization.JsonSerializerInternalReader.ResolvePropertyAndCreatorValues(JsonObjectContract contract, JsonProperty containerProperty, JsonReader reader, Type objectType)
   at Newtonsoft.Json.Serialization.JsonSerializerInternalReader.CreateObjectUsingCreatorWithParameters(JsonReader reader, JsonObjectContract contract, JsonProperty containerProperty, ObjectConstructor`1 creator, String id)
   at Newtonsoft.Json.Serialization.JsonSerializerInternalReader.CreateNewObject(JsonReader reader, JsonObjectContract objectContract, JsonProperty containerMember, JsonProperty containerProperty, String id, Boolean& createdFromNonDefaultCreator)
   at Newtonsoft.Json.Serialization.JsonSerializerInternalReader.CreateObject(JsonReader reader, Type objectType, JsonContract contract, JsonProperty member, JsonContainerContract containerContract, JsonProperty containerMember, Object existingValue)
   at Newtonsoft.Json.Serialization.JsonSerializerInternalReader.CreateValueInternal(JsonReader reader, Type objectType, JsonContract contract, JsonProperty member, JsonContainerContract containerContract, JsonProperty containerMember, Object existingValue)
   at Newtonsoft.Json.Serialization.JsonSerializerInternalReader.PopulateList(IList list, JsonReader reader, JsonArrayContract contract, JsonProperty containerProperty, String id)
   at Newtonsoft.Json.Serialization.JsonSerializerInternalReader.CreateList(JsonReader reader, Type objectType, JsonContract contract, JsonProperty member, Object existingValue, String id)
   at Newtonsoft.Json.Serialization.JsonSerializerInternalReader.CreateValueInternal(JsonReader reader, Type objectType, JsonContract contract, JsonProperty member, JsonContainerContract containerContract, JsonProperty containerMember, Object existingValue)
   at Newtonsoft.Json.Serialization.JsonSerializerInternalReader.Deserialize(JsonReader reader, Type objectType, Boolean checkAdditionalContent)
   at Newtonsoft.Json.JsonSerializer.DeserializeInternal(JsonReader reader, Type objectType)
   at Newtonsoft.Json.JsonConvert.DeserializeObject(String value, Type type, JsonSerializerSettings settings)
   at Newtonsoft.Json.JsonConvert.DeserializeObject[T](String value, JsonSerializerSettings settings)
   at Newtonsoft.Json.JsonConvert.DeserializeObject[T](String value)
   at Food_Storage_Inventory.Model.LocationRepository.ReadFromFile() in D:\Repositories\FoodStorageInventory\Model\LocationRepository.cs:line 146
2021-04-09 10:15:09,090 [1] ERROR Food_Storage_Inventory.Model.LocationRepository - Failed to read JSON file.  Creating empty collection.
System.ArgumentNullException: Value cannot be null.
Parameter name: name
   at Food_Storage_Inventory.Model.FoodItem..ctor(String name, Int32 quantity, String container, DateTime dateTime, Boolean visible) in D:\Repositories\FoodStorageInventory\Model\FoodItem.cs:line 57
   at Void .ctor(System.String, Int32, System.String, System.DateTime, Boolean)(Object[] )
   at Newtonsoft.Json.Serialization.JsonSerializerInternalReader.CreateObjectUsingCreatorWithParameters(JsonReader reader, JsonObjectContract contract, JsonProperty containerProperty, ObjectConstructor`1 creator, String id)
   at Newtonsoft.Json.Serialization.JsonSerializerInternalReader.CreateNewObject(JsonReader reader, JsonObjectContract objectContract, JsonProperty containerMember, JsonProperty containerProperty, String id, Boolean& createdFromNonDefaultCreator)
   at Newtonsoft.Json.Serialization.JsonSerializerInternalReader.CreateObject(JsonReader reader, Type objectType, JsonContract contract, JsonProperty member, JsonContainerContract containerContract, JsonProperty containerMember, Object existingValue)
   at Newtonsoft.Json.Serialization.JsonSerializerInternalReader.CreateValueInternal(JsonReader reader, Type objectType, JsonContract contract, JsonProperty member, JsonContainerContract containerContract, JsonProperty containerMember, Object existingValue)
   at Newtonsoft.Json.Serialization.JsonSerializerInternalReader.PopulateList(IList list, JsonReader reader, JsonArrayContract contract, JsonProperty containerProperty, String id)
   at Newtonsoft.Json.Serialization.JsonSerializerInternalReader.CreateList(JsonReader reader, Type objectType, JsonContract contract, JsonProperty member, Object existingValue, String id)
   at Newtonsoft.Json.Serialization.JsonSerializerInternalReader.CreateValueInternal(JsonReader reader, Type objectType, JsonContract contract, JsonProperty member, JsonContainerContract containerContract, JsonProperty containerMember, Object existingValue)
   at Newtonsoft.Json.Serialization.JsonSerializerInternalReader.ResolvePropertyAndCreatorValues(JsonObjectContract contract, JsonProperty containerProperty, JsonReader reader, Type objectType)
   at Newtonsoft.Json.Serialization.JsonSerializerInternalReader.CreateObjectUsingCreatorWithParameters(JsonReader reader, JsonObjectContract contract, JsonProperty containerProperty, ObjectConstructor`1 creator, String id)
   at Newtonsoft.Json.Serialization.JsonSerializerInternalReader.CreateNewObject(JsonReader reader, JsonObjectContract objectContract, JsonProperty containerMember, JsonProperty containerProperty, String id, Boolean& createdFromNonDefaultCreator)
   at Newtonsoft.Json.Serialization.JsonSerializerInternalReader.CreateObject(JsonReader reader, Type objectType, JsonContract contract, JsonProperty member, JsonContainerContract containerContract, JsonProperty containerMember, Object existingValue)
   at Newtonsoft.Json.Serialization.JsonSerializerInternalReader.CreateValueInternal(JsonReader reader, Type objectType, JsonContract contract, JsonProperty member, JsonContainerContract containerContract, JsonProperty containerMember, Object existingValue)
   at Newtonsoft.Json.Serialization.JsonSerializerInternalReader.PopulateList(IList list, JsonReader reader, JsonArrayContract contract, JsonProperty containerProperty, String id)
   at Newtonsoft.Json.Serialization.JsonSerializerInternalReader.CreateList(JsonReader reader, Type objectType, JsonContract contract, JsonProperty member, Object existingValue, String id)
   at Newtonsoft.Json.Serialization.JsonSerializerInternalReader.CreateValueInternal(JsonReader reader, Type objectType, JsonContract contract, JsonProperty member, JsonContainerContract containerContract, JsonProperty containerMember, Object existingValue)
   at Newtonsoft.Json.Serialization.JsonSerializerInternalReader.Deserialize(JsonReader reader, Type objectType, Boolean checkAdditionalContent)
   at Newtonsoft.Json.JsonSerializer.DeserializeInternal(JsonReader reader, Type objectType)
   at Newtonsoft.Json.JsonConvert.DeserializeObject(String value, Type type, JsonSerializerSettings settings)
   at Newtonsoft.Json.JsonConvert.DeserializeObject[T](String value, JsonSerializerSettings settings)
   at Newtonsoft.Json.JsonConvert.DeserializeObject[T](String value)
   at Food_Storage_Inventory.Model.LocationRepository.ReadFromFile() in D:\Repositories\FoodStorageInventory\Model\LocationRepository.cs:line 146
2021-04-09 10:15:41,241 [1] ERROR Food_Storage_Inventory.Model.LocationRepository - Failed to read JSON file.  Creating empty collection.
System.ArgumentNullException: Value cannot be null.
Parameter name: name
   at Food_Storage_Inventory.Model.FoodItem..ctor(String name, Int32 quantity, String container, DateTime dateTime, Boolean visible) in D:\Repositories\FoodStorageInventory\Model\FoodItem.cs:line 57
   at Void .ctor(System.String, Int32, System.String, System.DateTime, Boolean)(Object[] )
   at Newtonsoft.Json.Serialization.JsonSerializerInternalReader.CreateObjectUsingCreatorWithParameters(JsonReader reader, JsonObjectContract contract, JsonProperty containerProperty, ObjectConstructor`1 creator, String id)
   at Newtonsoft.Json.Serialization.JsonSerializerInternalReader.CreateNewObject(JsonReader reader, JsonObjectContract objectContract, JsonProperty containerMember, JsonProperty containerProperty, String id, Boolean& createdFromNonDefaultCreator)
   at Newtonsoft.Json.Serialization.JsonSerializerInternalReader.CreateObject(JsonReader reader, Type objectType, JsonContract contract, JsonProperty member, JsonContainerContract containerContract, JsonProperty containerMember, Object existingValue)
   at Newtonsoft.Json.Serialization.JsonSerializerInternalReader.CreateValueInternal(JsonReader reader, Type objectType, JsonContract contract, JsonProperty member, JsonContainerContract containerContract, JsonProperty containerMember, Object existingValue)
   at Newtonsoft.Json.Serialization.JsonSerializerInternalReader.PopulateList(IList list, JsonReader reader, JsonArrayContract contract, JsonProperty containerProperty, String id)
   at Newtonsoft.Json.Serialization.JsonSerializerInternalReader.CreateList(JsonReader reader, Type objectType, JsonContract contract, JsonProperty member, Object existingValue, String id)
   at Newtonsoft.Json.Serialization.JsonSerializerInternalReader.CreateValueInternal(JsonReader reader, Type objectType, JsonContract contract, JsonProperty member, JsonContainerContract containerContract, JsonProperty containerMember, Object existingValue)
   at Newtonsoft.Json.Serialization.JsonSerializerInternalReader.ResolvePropertyAndCreatorValues(JsonObjectContract contract, JsonProperty containerProperty, JsonReader reader, Type objectType)
   at Newtonsoft.Json.Serialization.JsonSerializerInternalReader.CreateObjectUsingCreatorWithParameters(JsonReader reader, JsonObjectContract contract, JsonProperty containerProperty, ObjectConstructor`1 creator, String id)
   at Newtonsoft.Json.Serialization.JsonSerializerInternalReader.CreateNewObject(JsonReader reader, JsonObjectContract objectContract, JsonProperty containerMember, JsonProperty containerProperty, String id, Boolean& createdFromNonDefaultCreator)
   at Newtonsoft.Json.Serialization.JsonSerializerInternalReader.CreateObject(JsonReader reader, Type objectType, JsonContract contract, JsonProperty member, JsonContainerContract containerContract, JsonProperty containerMember, Object existingValue)
   at Newtonsoft.Json.Serialization.JsonSerializerInternalReader.CreateValueInternal(JsonReader reader, Type objectType, JsonContract contract, JsonProperty member, JsonContainerContract containerContract, JsonProperty containerMember, Object existingValue)
   at Newtonsoft.Json.Serialization.JsonSerializerInternalReader.PopulateList(IList list, JsonReader reader, JsonArrayContract contract, JsonProperty containerProperty, String id)
   at Newtonsoft.Json.Serialization.JsonSerializerInternalReader.CreateList(JsonReader reader, Type objectType, JsonContract contract, JsonProperty member, Object existingValue, String id)
   at Newtonsoft.Json.Serialization.JsonSerializerInternalReader.CreateValueInternal(JsonReader reader, Type objectType, JsonContract contract, JsonProperty member, JsonContainerContract containerContract, JsonProperty containerMember, Object existingValue)
   at Newtonsoft.Json.Serialization.JsonSerializerInternalReader.Deserialize(JsonReader reader, Type objectType, Boolean checkAdditionalContent)
   at Newtonsoft.Json.JsonSerializer.DeserializeInternal(JsonReader reader, Type objectType)
   at Newtonsoft.Json.JsonConvert.DeserializeObject(String value, Type type, JsonSerializerSettings settings)
   at Newtonsoft.Json.JsonConvert.DeserializeObject[T](String value, JsonSerializerSettings settings)
   at Newtonsoft.Json.JsonConvert.DeserializeObject[T](String value)
   at Food_Storage_Inventory.Model.LocationRepository.ReadFromFile() in D:\Repositories\FoodStorageInventory\Model\LocationRepository.cs:line 146
2021-04-09 10:31:00,235 [1] ERROR Food_Storage_Inventory.Model.LocationRepository - Failed to read JSON file.  Creating empty collection.
System.ArgumentNullException: Value cannot be null.
Parameter name: name
   at Food_Storage_Inventory.Model.FoodItem..ctor(String name, Int32 quantity, String container, DateTime dateTime, Boolean visible) in D:\Repositories\FoodStorageInventory\Model\FoodItem.cs:line 57
   at Void .ctor(System.String, Int32, System.String, System.DateTime, Boolean)(Object[] )
   at Newtonsoft.Json.Serialization.JsonSerializerInternalReader.CreateObjectUsingCreatorWithParameters(JsonReader reader, JsonObjectContract contract, JsonProperty containerProperty, ObjectConstructor`1 creator, String id)
   at Newtonsoft.Json.Serialization.JsonSerializerInternalReader.CreateNewObject(JsonReader reader, JsonObjectContract objectContract, JsonProperty containerMember, JsonProperty containerProperty, String id, Boolean& createdFromNonDefaultCreator)
   at Newtonsoft.Json.Serialization.JsonSerializerInternalReader.CreateObject(JsonReader reader, Type objectType, JsonContract contract, JsonProperty member, JsonContainerContract containerContract, JsonProperty containerMember, Object existingValue)
   at Newtonsoft.Json.Serialization.JsonSerializerInternalReader.CreateValueInternal(JsonReader reader, Type objectType, JsonContract contract, JsonProperty member, JsonContainerContract containerContract, JsonProperty containerMember, Object existingValue)
   at Newtonsoft.Json.Serialization.JsonSerializerInternalReader.PopulateList(IList list, JsonReader reader, JsonArrayContract contract, JsonProperty containerProperty, String id)
   at Newtonsoft.Json.Serialization.JsonSerializerInternalReader.CreateList(JsonReader reader, Type objectType, JsonContract contract, JsonProperty member, Object existingValue, String id)
   at Newtonsoft.Json.Serialization.JsonSerializerInternalReader.CreateValueInternal(JsonReader reader, Type objectType, JsonContract contract, JsonProperty member, JsonContainerContract containerContract, JsonProperty containerMember, Object existingValue)
   at Newtonsoft.Json.Serialization.JsonSerializerInternalReader.ResolvePropertyAndCreatorValues(JsonObjectContract contract, JsonProperty containerProperty, JsonReader reader, Type objectType)
   at Newtonsoft.Json.Serialization.JsonSerializerInternalReader.CreateObjectUsingCreatorWithParameters(JsonReader reader, JsonObjectContract contract, JsonProperty containerProperty, ObjectConstructor`1 creator, String id)
   at Newtonsoft.Json.Serialization.JsonSerializerInternalReader.CreateNewObject(JsonReader reader, JsonObjectContract objectContract, JsonProperty containerMember, JsonProperty containerProperty, String id, Boolean& createdFromNonDefaultCreator)
   at Newtonsoft.Json.Serialization.JsonSerializerInternalReader.CreateObject(JsonReader reader, Type objectType, JsonContract contract, JsonProperty member, JsonContainerContract containerContract, JsonProperty containerMember, Object existingValue)
   at Newtonsoft.Json.Serialization.JsonSerializerInternalReader.CreateValueInternal(JsonReader reader, Type objectType, JsonContract contract, JsonProperty member, JsonContainerContract containerContract, JsonProperty containerMember, Object existingValue)
   at Newtonsoft.Json.Serialization.JsonSerializerInternalReader.PopulateList(IList list, JsonReader reader, JsonArrayContract contract, JsonProperty containerProperty, String id)
   at Newtonsoft.Json.Serialization.JsonSerializerInternalReader.CreateList(JsonReader reader, Type objectType, JsonContract contract, JsonProperty member, Object existingValue, String id)
   at Newtonsoft.Json.Serialization.JsonSerializerInternalReader.CreateValueInternal(JsonReader reader, Type objectType, JsonContract contract, JsonProperty member, JsonContainerContract containerContract, JsonProperty containerMember, Object existingValue)
   at Newtonsoft.Json.Serialization.JsonSerializerInternalReader.Deserialize(JsonReader reader, Type objectType, Boolean checkAdditionalContent)
   at Newtonsoft.Json.JsonSerializer.DeserializeInternal(JsonReader reader, Type objectType)
   at Newtonsoft.Json.JsonConvert.DeserializeObject(String value, Type type, JsonSerializerSettings settings)
   at Newtonsoft.Json.JsonConvert.DeserializeObject[T](String value, JsonSerializerSettings settings)
   at Newtonsoft.Json.JsonConvert.DeserializeObject[T](String value)
   at Food_Storage_Inventory.Model.LocationRepository.ReadFromFile() in D:\Repositories\FoodStorageInventory\Model\LocationRepository.cs:line 146
2021-04-09 10:32:27,781 [1] ERROR Food_Storage_Inventory.Model.LocationRepository - Failed to read JSON file.  Creating empty collection.
System.ArgumentNullException: Value cannot be null.
Parameter name: name
   at Food_Storage_Inventory.Model.FoodItem..ctor(String name, Int32 quantity, String container, DateTime dateTime, Boolean visible) in D:\Repositories\FoodStorageInventory\Model\FoodItem.cs:line 57
   at Void .ctor(System.String, Int32, System.String, System.DateTime, Boolean)(Object[] )
   at Newtonsoft.Json.Serialization.JsonSerializerInternalReader.CreateObjectUsingCreatorWithParameters(JsonReader reader, JsonObjectContract contract, JsonProperty containerProperty, ObjectConstructor`1 creator, String id)
   at Newtonsoft.Json.Serialization.JsonSerializerInternalReader.CreateNewObject(JsonReader reader, JsonObjectContract objectContract, JsonProperty containerMember, JsonProperty containerProperty, String id, Boolean& createdFromNonDefaultCreator)
   at Newtonsoft.Json.Serialization.JsonSerializerInternalReader.CreateObject(JsonReader reader, Type objectType, JsonContract contract, JsonProperty member, JsonContainerContract containerContract, JsonProperty containerMember, Object existingValue)
   at Newtonsoft.Json.Serialization.JsonSerializerInternalReader.CreateValueInternal(JsonReader reader, Type objectType, JsonContract contract, JsonProperty member, JsonContainerContract containerContract, JsonProperty containerMember, Object existingValue)
   at Newtonsoft.Json.Serialization.JsonSerializerInternalReader.PopulateList(IList list, JsonReader reader, JsonArrayContract contract, JsonProperty containerProperty, String id)
   at Newtonsoft.Json.Serialization.JsonSerializerInternalReader.CreateList(JsonReader reader, Type objectType, JsonContract contract, JsonProperty member, Object existingValue, String id)
   at Newtonsoft.Json.Serialization.JsonSerializerInternalReader.CreateValueInternal(JsonReader reader, Type objectType, JsonContract contract, JsonProperty member, JsonContainerContract containerContract, JsonProperty containerMember, Object existingValue)
   at Newtonsoft.Json.Serialization.JsonSerializerInternalReader.ResolvePropertyAndCreatorValues(JsonObjectContract contract, JsonProperty containerProperty, JsonReader reader, Type objectType)
   at Newtonsoft.Json.Serialization.JsonSerializerInternalReader.CreateObjectUsingCreatorWithParameters(JsonReader reader, JsonObjectContract contract, JsonProperty containerProperty, ObjectConstructor`1 creator, String id)
   at Newtonsoft.Json.Serialization.JsonSerializerInternalReader.CreateNewObject(JsonReader reader, JsonObjectContract objectContract, JsonProperty containerMember, JsonProperty containerProperty, String id, Boolean& createdFromNonDefaultCreator)
   at Newtonsoft.Json.Serialization.JsonSerializerInternalReader.CreateObject(JsonReader reader, Type objectType, JsonContract contract, JsonProperty member, JsonContainerContract containerContract, JsonProperty containerMember, Object existingValue)
   at Newtonsoft.Json.Serialization.JsonSerializerInternalReader.CreateValueInternal(JsonReader reader, Type objectType, JsonContract contract, JsonProperty member, JsonContainerContract containerContract, JsonProperty containerMember, Object existingValue)
   at Newtonsoft.Json.Serialization.JsonSerializerInternalReader.PopulateList(IList list, JsonReader reader, JsonArrayContract contract, JsonProperty containerProperty, String id)
   at Newtonsoft.Json.Serialization.JsonSerializerInternalReader.CreateList(JsonReader reader, Type objectType, JsonContract contract, JsonProperty member, Object existingValue, String id)
   at Newtonsoft.Json.Serialization.JsonSerializerInternalReader.CreateValueInternal(JsonReader reader, Type objectType, JsonContract contract, JsonProperty member, JsonContainerContract containerContract, JsonProperty containerMember, Object existingValue)
   at Newtonsoft.Json.Serialization.JsonSerializerInternalReader.Deserialize(JsonReader reader, Type objectType, Boolean checkAdditionalContent)
   at Newtonsoft.Json.JsonSerializer.DeserializeInternal(JsonReader reader, Type objectType)
   at Newtonsoft.Json.JsonConvert.DeserializeObject(String value, Type type, JsonSerializerSettings settings)
   at Newtonsoft.Json.JsonConvert.DeserializeObject[T](String value, JsonSerializerSettings settings)
   at Newtonsoft.Json.JsonConvert.DeserializeObject[T](String value)
   at Food_Storage_Inventory.Model.LocationRepository.ReadFromFile() in D:\Repositories\FoodStorageInventory\Model\LocationRepository.cs:line 146
2021-04-09 10:49:51,408 [1] ERROR Food_Storage_Inventory.Model.LocationRepository - Failed to read JSON file.  Creating empty collection.
System.ArgumentNullException: Value cannot be null.
Parameter name: name
   at Food_Storage_Inventory.Model.FoodItem..ctor(String name, Int32 quantity, String container, DateTime dateTime, Boolean visible) in D:\Repositories\FoodStorageInventory\Model\FoodItem.cs:line 57
   at Void .ctor(System.String, Int32, System.String, System.DateTime, Boolean)(Object[] )
   at Newtonsoft.Json.Serialization.JsonSerializerInternalReader.CreateObjectUsingCreatorWithParameters(JsonReader reader, JsonObjectContract contract, JsonProperty containerProperty, ObjectConstructor`1 creator, String id)
   at Newtonsoft.Json.Serialization.JsonSerializerInternalReader.CreateNewObject(JsonReader reader, JsonObjectContract objectContract, JsonProperty containerMember, JsonProperty containerProperty, String id, Boolean& createdFromNonDefaultCreator)
   at Newtonsoft.Json.Serialization.JsonSerializerInternalReader.CreateObject(JsonReader reader, Type objectType, JsonContract contract, JsonProperty member, JsonContainerContract containerContract, JsonProperty containerMember, Object existingValue)
   at Newtonsoft.Json.Serialization.JsonSerializerInternalReader.CreateValueInternal(JsonReader reader, Type objectType, JsonContract contract, JsonProperty member, JsonContainerContract containerContract, JsonProperty containerMember, Object existingValue)
   at Newtonsoft.Json.Serialization.JsonSerializerInternalReader.PopulateList(IList list, JsonReader reader, JsonArrayContract contract, JsonProperty containerProperty, String id)
   at Newtonsoft.Json.Serialization.JsonSerializerInternalReader.CreateList(JsonReader reader, Type objectType, JsonContract contract, JsonProperty member, Object existingValue, String id)
   at Newtonsoft.Json.Serialization.JsonSerializerInternalReader.CreateValueInternal(JsonReader reader, Type objectType, JsonContract contract, JsonProperty member, JsonContainerContract containerContract, JsonProperty containerMember, Object existingValue)
   at Newtonsoft.Json.Serialization.JsonSerializerInternalReader.ResolvePropertyAndCreatorValues(JsonObjectContract contract, JsonProperty containerProperty, JsonReader reader, Type objectType)
   at Newtonsoft.Json.Serialization.JsonSerializerInternalReader.CreateObjectUsingCreatorWithParameters(JsonReader reader, JsonObjectContract contract, JsonProperty containerProperty, ObjectConstructor`1 creator, String id)
   at Newtonsoft.Json.Serialization.JsonSerializerInternalReader.CreateNewObject(JsonReader reader, JsonObjectContract objectContract, JsonProperty containerMember, JsonProperty containerProperty, String id, Boolean& createdFromNonDefaultCreator)
   at Newtonsoft.Json.Serialization.JsonSerializerInternalReader.CreateObject(JsonReader reader, Type objectType, JsonContract contract, JsonProperty member, JsonContainerContract containerContract, JsonProperty containerMember, Object existingValue)
   at Newtonsoft.Json.Serialization.JsonSerializerInternalReader.CreateValueInternal(JsonReader reader, Type objectType, JsonContract contract, JsonProperty member, JsonContainerContract containerContract, JsonProperty containerMember, Object existingValue)
   at Newtonsoft.Json.Serialization.JsonSerializerInternalReader.PopulateList(IList list, JsonReader reader, JsonArrayContract contract, JsonProperty containerProperty, String id)
   at Newtonsoft.Json.Serialization.JsonSerializerInternalReader.CreateList(JsonReader reader, Type objectType, JsonContract contract, JsonProperty member, Object existingValue, String id)
   at Newtonsoft.Json.Serialization.JsonSerializerInternalReader.CreateValueInternal(JsonReader reader, Type objectType, JsonContract contract, JsonProperty member, JsonContainerContract containerContract, JsonProperty containerMember, Object existingValue)
   at Newtonsoft.Json.Serialization.JsonSerializerInternalReader.Deserialize(JsonReader reader, Type objectType, Boolean checkAdditionalContent)
   at Newtonsoft.Json.JsonSerializer.DeserializeInternal(JsonReader reader, Type objectType)
   at Newtonsoft.Json.JsonConvert.DeserializeObject(String value, Type type, JsonSerializerSettings settings)
   at Newtonsoft.Json.JsonConvert.DeserializeObject[T](String value, JsonSerializerSettings settings)
   at Newtonsoft.Json.JsonConvert.DeserializeObject[T](String value)
   at Food_Storage_Inventory.Model.LocationRepository.ReadFromFile() in D:\Repositories\FoodStorageInventory\Model\LocationRepository.cs:line 147
2021-04-09 12:29:55,631 [1] ERROR Food_Storage_Inventory.Model.LocationRepository - Failed to read JSON file.  Creating empty collection.
System.ArgumentNullException: Value cannot be null.
Parameter name: name
   at Food_Storage_Inventory.Model.FoodItem..ctor(String name, Int32 quantity, String container, DateTime dateTime, Boolean visible) in D:\Repositories\FoodStorageInventory\Model\FoodItem.cs:line 57
   at Void .ctor(System.String, Int32, System.String, System.DateTime, Boolean)(Object[] )
   at Newtonsoft.Json.Serialization.JsonSerializerInternalReader.CreateObjectUsingCreatorWithParameters(JsonReader reader, JsonObjectContract contract, JsonProperty containerProperty, ObjectConstructor`1 creator, String id)
   at Newtonsoft.Json.Serialization.JsonSerializerInternalReader.CreateNewObject(JsonReader reader, JsonObjectContract objectContract, JsonProperty containerMember, JsonProperty containerProperty, String id, Boolean& createdFromNonDefaultCreator)
   at Newtonsoft.Json.Serialization.JsonSerializerInternalReader.CreateObject(JsonReader reader, Type objectType, JsonContract contract, JsonProperty member, JsonContainerContract containerContract, JsonProperty containerMember, Object existingValue)
   at Newtonsoft.Json.Serialization.JsonSerializerInternalReader.CreateValueInternal(JsonReader reader, Type objectType, JsonContract contract, JsonProperty member, JsonContainerContract containerContract, JsonProperty containerMember, Object existingValue)
   at Newtonsoft.Json.Serialization.JsonSerializerInternalReader.PopulateList(IList list, JsonReader reader, JsonArrayContract contract, JsonProperty containerProperty, String id)
   at Newtonsoft.Json.Serialization.JsonSerializerInternalReader.CreateList(JsonReader reader, Type objectType, JsonContract contract, JsonProperty member, Object existingValue, String id)
   at Newtonsoft.Json.Serialization.JsonSerializerInternalReader.CreateValueInternal(JsonReader reader, Type objectType, JsonContract contract, JsonProperty member, JsonContainerContract containerContract, JsonProperty containerMember, Object existingValue)
   at Newtonsoft.Json.Serialization.JsonSerializerInternalReader.ResolvePropertyAndCreatorValues(JsonObjectContract contract, JsonProperty containerProperty, JsonReader reader, Type objectType)
   at Newtonsoft.Json.Serialization.JsonSerializerInternalReader.CreateObjectUsingCreatorWithParameters(JsonReader reader, JsonObjectContract contract, JsonProperty containerProperty, ObjectConstructor`1 creator, String id)
   at Newtonsoft.Json.Serialization.JsonSerializerInternalReader.CreateNewObject(JsonReader reader, JsonObjectContract objectContract, JsonProperty containerMember, JsonProperty containerProperty, String id, Boolean& createdFromNonDefaultCreator)
   at Newtonsoft.Json.Serialization.JsonSerializerInternalReader.CreateObject(JsonReader reader, Type objectType, JsonContract contract, JsonProperty member, JsonContainerContract containerContract, JsonProperty containerMember, Object existingValue)
   at Newtonsoft.Json.Serialization.JsonSerializerInternalReader.CreateValueInternal(JsonReader reader, Type objectType, JsonContract contract, JsonProperty member, JsonContainerContract containerContract, JsonProperty containerMember, Object existingValue)
   at Newtonsoft.Json.Serialization.JsonSerializerInternalReader.PopulateList(IList list, JsonReader reader, JsonArrayContract contract, JsonProperty containerProperty, String id)
   at Newtonsoft.Json.Serialization.JsonSerializerInternalReader.CreateList(JsonReader reader, Type objectType, JsonContract contract, JsonProperty member, Object existingValue, String id)
   at Newtonsoft.Json.Serialization.JsonSerializerInternalReader.CreateValueInternal(JsonReader reader, Type objectType, JsonContract contract, JsonProperty member, JsonContainerContract containerContract, JsonProperty containerMember, Object existingValue)
   at Newtonsoft.Json.Serialization.JsonSerializerInternalReader.Deserialize(JsonReader reader, Type objectType, Boolean checkAdditionalContent)
   at Newtonsoft.Json.JsonSerializer.DeserializeInternal(JsonReader reader, Type objectType)
   at Newtonsoft.Json.JsonConvert.DeserializeObject(String value, Type type, JsonSerializerSettings settings)
   at Newtonsoft.Json.JsonConvert.DeserializeObject[T](String value, JsonSerializerSettings settings)
   at Newtonsoft.Json.JsonConvert.DeserializeObject[T](String value)
   at Food_Storage_Inventory.Model.LocationRepository.ReadFromFile() in D:\Repositories\FoodStorageInventory\Model\LocationRepository.cs:line 147
2021-04-09 12:33:39,384 [1] ERROR Food_Storage_Inventory.Model.LocationRepository - Failed to read JSON file.  Creating empty collection.
System.ArgumentNullException: Value cannot be null.
Parameter name: name
   at Food_Storage_Inventory.Model.FoodItem..ctor(String name, Int32 quantity, String container, DateTime dateTime, Boolean visible) in D:\Repositories\FoodStorageInventory\Model\FoodItem.cs:line 57
   at Void .ctor(System.String, Int32, System.String, System.DateTime, Boolean)(Object[] )
   at Newtonsoft.Json.Serialization.JsonSerializerInternalReader.CreateObjectUsingCreatorWithParameters(JsonReader reader, JsonObjectContract contract, JsonProperty containerProperty, ObjectConstructor`1 creator, String id)
   at Newtonsoft.Json.Serialization.JsonSerializerInternalReader.CreateNewObject(JsonReader reader, JsonObjectContract objectContract, JsonProperty containerMember, JsonProperty containerProperty, String id, Boolean& createdFromNonDefaultCreator)
   at Newtonsoft.Json.Serialization.JsonSerializerInternalReader.CreateObject(JsonReader reader, Type objectType, JsonContract contract, JsonProperty member, JsonContainerContract containerContract, JsonProperty containerMember, Object existingValue)
   at Newtonsoft.Json.Serialization.JsonSerializerInternalReader.CreateValueInternal(JsonReader reader, Type objectType, JsonContract contract, JsonProperty member, JsonContainerContract containerContract, JsonProperty containerMember, Object existingValue)
   at Newtonsoft.Json.Serialization.JsonSerializerInternalReader.PopulateList(IList list, JsonReader reader, JsonArrayContract contract, JsonProperty containerProperty, String id)
   at Newtonsoft.Json.Serialization.JsonSerializerInternalReader.CreateList(JsonReader reader, Type objectType, JsonContract contract, JsonProperty member, Object existingValue, String id)
   at Newtonsoft.Json.Serialization.JsonSerializerInternalReader.CreateValueInternal(JsonReader reader, Type objectType, JsonContract contract, JsonProperty member, JsonContainerContract containerContract, JsonProperty containerMember, Object existingValue)
   at Newtonsoft.Json.Serialization.JsonSerializerInternalReader.ResolvePropertyAndCreatorValues(JsonObjectContract contract, JsonProperty containerProperty, JsonReader reader, Type objectType)
   at Newtonsoft.Json.Serialization.JsonSerializerInternalReader.CreateObjectUsingCreatorWithParameters(JsonReader reader, JsonObjectContract contract, JsonProperty containerProperty, ObjectConstructor`1 creator, String id)
   at Newtonsoft.Json.Serialization.JsonSerializerInternalReader.CreateNewObject(JsonReader reader, JsonObjectContract objectContract, JsonProperty containerMember, JsonProperty containerProperty, String id, Boolean& createdFromNonDefaultCreator)
   at Newtonsoft.Json.Serialization.JsonSerializerInternalReader.CreateObject(JsonReader reader, Type objectType, JsonContract contract, JsonProperty member, JsonContainerContract containerContract, JsonProperty containerMember, Object existingValue)
   at Newtonsoft.Json.Serialization.JsonSerializerInternalReader.CreateValueInternal(JsonReader reader, Type objectType, JsonContract contract, JsonProperty member, JsonContainerContract containerContract, JsonProperty containerMember, Object existingValue)
   at Newtonsoft.Json.Serialization.JsonSerializerInternalReader.PopulateList(IList list, JsonReader reader, JsonArrayContract contract, JsonProperty containerProperty, String id)
   at Newtonsoft.Json.Serialization.JsonSerializerInternalReader.CreateList(JsonReader reader, Type objectType, JsonContract contract, JsonProperty member, Object existingValue, String id)
   at Newtonsoft.Json.Serialization.JsonSerializerInternalReader.CreateValueInternal(JsonReader reader, Type objectType, JsonContract contract, JsonProperty member, JsonContainerContract containerContract, JsonProperty containerMember, Object existingValue)
   at Newtonsoft.Json.Serialization.JsonSerializerInternalReader.Deserialize(JsonReader reader, Type objectType, Boolean checkAdditionalContent)
   at Newtonsoft.Json.JsonSerializer.DeserializeInternal(JsonReader reader, Type objectType)
   at Newtonsoft.Json.JsonConvert.DeserializeObject(String value, Type type, JsonSerializerSettings settings)
   at Newtonsoft.Json.JsonConvert.DeserializeObject[T](String value, JsonSerializerSettings settings)
   at Newtonsoft.Json.JsonConvert.DeserializeObject[T](String value)
   at Food_Storage_Inventory.Model.LocationRepository.ReadFromFile() in D:\Repositories\FoodStorageInventory\Model\LocationRepository.cs:line 147
